
> tool-collection-site@0.1.0 start
> next start

   ▲ Next.js 15.3.5
   - Local:        http://localhost:3000
   - Network:      http://10.0.0.114:3000

 ✓ Starting...
 ✓ Ready in 167ms
 ⨯ [Error: Cannot find module '/Users/hanwang/workspace/ToolCollectionSite/.next/server/middleware-manifest.json'
Require stack:
- /Users/hanwang/workspace/ToolCollectionSite/node_modules/next/dist/server/next-server.js
- /Users/hanwang/workspace/ToolCollectionSite/node_modules/next/dist/server/next.js
- /Users/hanwang/workspace/ToolCollectionSite/node_modules/next/dist/server/lib/start-server.js
- /Users/hanwang/workspace/ToolCollectionSite/node_modules/next/dist/cli/next-start.js] {
  code: 'MODULE_NOT_FOUND',
  requireStack: [Array]
}
 ⨯ [Error: Cannot find module '/Users/hanwang/workspace/ToolCollectionSite/.next/server/middleware-manifest.json'
Require stack:
- /Users/hanwang/workspace/ToolCollectionSite/node_modules/next/dist/server/next-server.js
- /Users/hanwang/workspace/ToolCollectionSite/node_modules/next/dist/server/next.js
- /Users/hanwang/workspace/ToolCollectionSite/node_modules/next/dist/server/lib/start-server.js
- /Users/hanwang/workspace/ToolCollectionSite/node_modules/next/dist/cli/next-start.js] {
  code: 'MODULE_NOT_FOUND',
  requireStack: [Array]
}
 ⨯ [Error: Cannot find module '/Users/hanwang/workspace/ToolCollectionSite/.next/server/middleware-manifest.json'
Require stack:
- /Users/hanwang/workspace/ToolCollectionSite/node_modules/next/dist/server/next-server.js
- /Users/hanwang/workspace/ToolCollectionSite/node_modules/next/dist/server/next.js
- /Users/hanwang/workspace/ToolCollectionSite/node_modules/next/dist/server/lib/start-server.js
- /Users/hanwang/workspace/ToolCollectionSite/node_modules/next/dist/cli/next-start.js] {
  code: 'MODULE_NOT_FOUND',
  requireStack: [Array]
}
 ⨯ [Error: Cannot find module '/Users/hanwang/workspace/ToolCollectionSite/.next/server/middleware-manifest.json'
Require stack:
- /Users/hanwang/workspace/ToolCollectionSite/node_modules/next/dist/server/next-server.js
- /Users/hanwang/workspace/ToolCollectionSite/node_modules/next/dist/server/next.js
- /Users/hanwang/workspace/ToolCollectionSite/node_modules/next/dist/server/lib/start-server.js
- /Users/hanwang/workspace/ToolCollectionSite/node_modules/next/dist/cli/next-start.js] {
  code: 'MODULE_NOT_FOUND',
  requireStack: [Array]
}
